#
# There is insufficient memory for the Java Runtime Environment to continue.
# Native memory allocation (malloc) failed to allocate 148656 bytes. Error detail: Chunk::new
# Possible reasons:
#   The system is out of physical RAM or swap space
#   This process is running with CompressedOops enabled, and the Java Heap may be blocking the growth of the native heap
# Possible solutions:
#   Reduce memory load on the system
#   Increase physical memory or swap space
#   Check if swap backing store is full
#   Decrease Java heap size (-Xmx/-Xms)
#   Decrease number of Java threads
#   Decrease Java thread stack sizes (-Xss)
#   Set larger code cache with -XX:ReservedCodeCacheSize=
#   JVM is running with Unscaled Compressed Oops mode in which the Java heap is
#     placed in the first 4GB address space. The Java Heap base address is the
#     maximum limit for the native heap growth. Please use -XX:HeapBaseMinAddress
#     to set the Java Heap base and to place the Java Heap above 4GB virtual address.
# This output file may be truncated or incomplete.
#
#  Out of Memory Error (arena.cpp:150), pid=11056, tid=8876
#
# JRE version: Java(TM) SE Runtime Environment (22.0.1+8) (build 22.0.1+8-16)
# Java VM: Java HotSpot(TM) 64-Bit Server VM (22.0.1+8-16, mixed mode, sharing, tiered, compressed oops, compressed class ptrs, g1 gc, windows-amd64)
# No core dump will be written. Minidumps are not enabled by default on client versions of Windows
#

---------------  S U M M A R Y ------------

Command Line: -javaagent:C:\Program Files\JetBrains\IntelliJ IDEA Community Edition 2024.1.1\lib\idea_rt.jar=51004:C:\Program Files\JetBrains\IntelliJ IDEA Community Edition 2024.1.1\bin -Dfile.encoding=UTF-8 -Dsun.stdout.encoding=UTF-8 -Dsun.stderr.encoding=UTF-8 gm.rh.RhApplication

Host: Intel(R) Core(TM) i5-5200U CPU @ 2.20GHz, 4 cores, 7G,  Windows 10 , 64 bit Build 19041 (10.0.19041.546)
Time: Thu May 23 21:15:39 2024 Hora de verano de Haití elapsed time: 26.950231 seconds (0d 0h 0m 26s)

---------------  T H R E A D  ---------------

Current thread (0x00000195aa413710):  JavaThread "C2 CompilerThread0" daemon [_thread_in_native, id=8876, stack(0x0000001240a00000,0x0000001240b00000) (1024K)]


Current CompileTask:
C2:26950 2154       4       java.lang.invoke.MethodType::makeImpl (109 bytes)

Stack: [0x0000001240a00000,0x0000001240b00000]
Native frames: (J=compiled Java code, j=interpreted, Vv=VM code, C=native code)
V  [jvm.dll+0x6e2279]  (no source info available)
V  [jvm.dll+0x874e33]  (no source info available)
V  [jvm.dll+0x87725e]  (no source info available)
V  [jvm.dll+0x877933]  (no source info available)
V  [jvm.dll+0x27fd76]  (no source info available)
V  [jvm.dll+0xc3d0f]  (no source info available)
V  [jvm.dll+0xc3f6b]  (no source info available)
V  [jvm.dll+0x2f42e4]  (no source info available)
V  [jvm.dll+0x386fae]  (no source info available)
V  [jvm.dll+0x247918]  (no source info available)
V  [jvm.dll+0x246fbf]  (no source info available)
V  [jvm.dll+0x1c4e90]  (no source info available)
V  [jvm.dll+0x2569fe]  (no source info available)
V  [jvm.dll+0x254cba]  (no source info available)
V  [jvm.dll+0x3f5336]  (no source info available)
V  [jvm.dll+0x81d44b]  (no source info available)
V  [jvm.dll+0x6e0915]  (no source info available)
C  [ucrtbase.dll+0x214c2]  (no source info available)
C  [KERNEL32.DLL+0x17034]  (no source info available)
C  [ntdll.dll+0x4cec1]  (no source info available)


---------------  P R O C E S S  ---------------

Threads class SMR info:
_java_thread_list=0x00000195f0548880, length=13, elements={
0x000001958c3260e0, 0x00000195aa3f4480, 0x00000195aa3f70f0, 0x00000195aa401120,
0x00000195aa401b80, 0x00000195aa4049f0, 0x00000195aa408950, 0x00000195aa413710,
0x00000195aa4141c0, 0x00000195aa3c6c30, 0x00000195f011de10, 0x00000195f011e480,
0x00000195aa82bdd0
}

Java Threads: ( => current thread )
  0x000001958c3260e0 JavaThread "main"                              [_thread_blocked, id=380, stack(0x000000123fc00000,0x000000123fd00000) (1024K)]
  0x00000195aa3f4480 JavaThread "Reference Handler"          daemon [_thread_blocked, id=7200, stack(0x0000001240400000,0x0000001240500000) (1024K)]
  0x00000195aa3f70f0 JavaThread "Finalizer"                  daemon [_thread_blocked, id=1692, stack(0x0000001240500000,0x0000001240600000) (1024K)]
  0x00000195aa401120 JavaThread "Signal Dispatcher"          daemon [_thread_blocked, id=4164, stack(0x0000001240600000,0x0000001240700000) (1024K)]
  0x00000195aa401b80 JavaThread "Attach Listener"            daemon [_thread_blocked, id=11852, stack(0x0000001240700000,0x0000001240800000) (1024K)]
  0x00000195aa4049f0 JavaThread "Service Thread"             daemon [_thread_blocked, id=5604, stack(0x0000001240800000,0x0000001240900000) (1024K)]
  0x00000195aa408950 JavaThread "Monitor Deflation Thread"   daemon [_thread_blocked, id=10624, stack(0x0000001240900000,0x0000001240a00000) (1024K)]
=>0x00000195aa413710 JavaThread "C2 CompilerThread0"         daemon [_thread_in_native, id=8876, stack(0x0000001240a00000,0x0000001240b00000) (1024K)]
  0x00000195aa4141c0 JavaThread "C1 CompilerThread0"         daemon [_thread_blocked, id=6780, stack(0x0000001240b00000,0x0000001240c00000) (1024K)]
  0x00000195aa3c6c30 JavaThread "Common-Cleaner"             daemon [_thread_blocked, id=4628, stack(0x0000001240c00000,0x0000001240d00000) (1024K)]
  0x00000195f011de10 JavaThread "Monitor Ctrl-Break"         daemon [_thread_in_native, id=9868, stack(0x0000001240d00000,0x0000001240e00000) (1024K)]
  0x00000195f011e480 JavaThread "Notification Thread"        daemon [_thread_blocked, id=10656, stack(0x0000001240e00000,0x0000001240f00000) (1024K)]
  0x00000195aa82bdd0 JavaThread "Thread-0"                          [_thread_in_native, id=12180, stack(0x0000001241200000,0x0000001241300000) (1024K)]
Total: 13

Other Threads:
  0x00000195aa3ddfd0 VMThread "VM Thread"                           [id=4044, stack(0x0000001240300000,0x0000001240400000) (1024K)]
  0x00000195aa3c5a30 WatcherThread "VM Periodic Task Thread"        [id=940, stack(0x0000001240200000,0x0000001240300000) (1024K)]
  0x000001958e486b20 WorkerThread "GC Thread#0"                     [id=11356, stack(0x000000123fd00000,0x000000123fe00000) (1024K)]
  0x00000195f04b0510 WorkerThread "GC Thread#1"                     [id=12176, stack(0x0000001240f00000,0x0000001241000000) (1024K)]
  0x00000195f04b08c0 WorkerThread "GC Thread#2"                     [id=12156, stack(0x0000001241000000,0x0000001241100000) (1024K)]
  0x00000195f0774490 WorkerThread "GC Thread#3"                     [id=12116, stack(0x0000001241100000,0x0000001241200000) (1024K)]
  0x000001958e498920 ConcurrentGCThread "G1 Main Marker"            [id=11332, stack(0x000000123fe00000,0x000000123ff00000) (1024K)]
  0x000001958e499ae0 WorkerThread "G1 Conc#0"                       [id=9828, stack(0x000000123ff00000,0x0000001240000000) (1024K)]
  0x00000195aa2864e0 ConcurrentGCThread "G1 Refine#0"               [id=10580, stack(0x0000001240000000,0x0000001240100000) (1024K)]
  0x00000195aa286d10 ConcurrentGCThread "G1 Service"                [id=7068, stack(0x0000001240100000,0x0000001240200000) (1024K)]
Total: 10

Threads with active compile tasks:
C2 CompilerThread0  28539 2154       4       java.lang.invoke.MethodType::makeImpl (109 bytes)
Total: 1

VM state: not at safepoint (normal execution)

VM Mutex/Monitor currently owned by a thread: None

Heap address: 0x0000000081600000, size: 2026 MB, Compressed Oops mode: 32-bit

CDS archive(s) mapped at: [0x00000195ab000000-0x00000195abc60000-0x00000195abc60000), size 12976128, SharedBaseAddress: 0x00000195ab000000, ArchiveRelocationMode: 1.
Compressed class space mapped at: 0x00000195ac000000-0x00000195ec000000, reserved size: 1073741824
Narrow klass base: 0x00000195ab000000, Narrow klass shift: 0, Narrow klass range: 0x41000000

GC Precious Log:
 CardTable entry size: 512
 Card Set container configuration: InlinePtr #cards 5 size 8 Array Of Cards #cards 12 size 40 Howl #buckets 4 coarsen threshold 1843 Howl Bitmap #cards 512 size 80 coarsen threshold 460 Card regions per heap region 1 cards per card region 2048
 CPUs: 4 total, 4 available
 Memory: 8102M
 Large Page Support: Disabled
 NUMA Support: Disabled
 Compressed Oops: Enabled (32-bit)
 Heap Region Size: 1M
 Heap Min Capacity: 8M
 Heap Initial Capacity: 128M
 Heap Max Capacity: 2026M
 Pre-touch: Disabled
 Parallel Workers: 4
 Concurrent Workers: 1
 Concurrent Refinement Workers: 4
 Periodic GC: Disabled

Heap:
 garbage-first heap   total reserved 2074624K, committed 131072K, used 16287K [0x0000000081600000, 0x0000000100000000)
  region size 1024K, 11 young (11264K), 5 survivors (5120K)
 Metaspace       used 19466K, committed 19776K, reserved 1114112K
  class space    used 2442K, committed 2560K, reserved 1048576K

Heap Regions: E=young(eden), S=young(survivor), O=old, HS=humongous(starts), HC=humongous(continues), CS=collection set, F=free, TAMS=top-at-mark-start, PB=parsable bottom
|   0|0x0000000081600000, 0x0000000081700000, 0x0000000081700000|100%|HS|  |TAMS 0x0000000081600000| PB 0x0000000081600000| Complete |  0
|   1|0x0000000081700000, 0x0000000081800000, 0x0000000081800000|100%| O|  |TAMS 0x0000000081700000| PB 0x0000000081700000| Untracked |  0
|   2|0x0000000081800000, 0x0000000081900000, 0x0000000081900000|100%| O|  |TAMS 0x0000000081800000| PB 0x0000000081800000| Untracked |  0
|   3|0x0000000081900000, 0x0000000081a00000, 0x0000000081a00000|100%| O|  |TAMS 0x0000000081900000| PB 0x0000000081900000| Untracked |  0
|   4|0x0000000081a00000, 0x0000000081b00000, 0x0000000081b00000|100%| O|  |TAMS 0x0000000081a00000| PB 0x0000000081a00000| Untracked |  0
|   5|0x0000000081b00000, 0x0000000081c00000, 0x0000000081c00000|100%| O|  |TAMS 0x0000000081b00000| PB 0x0000000081b00000| Untracked |  0
|   6|0x0000000081c00000, 0x0000000081c722e0, 0x0000000081d00000| 44%| O|  |TAMS 0x0000000081c00000| PB 0x0000000081c00000| Untracked |  0
|   7|0x0000000081d00000, 0x0000000081d00000, 0x0000000081e00000|  0%| F|  |TAMS 0x0000000081d00000| PB 0x0000000081d00000| Untracked |  0
|   8|0x0000000081e00000, 0x0000000081e00000, 0x0000000081f00000|  0%| F|  |TAMS 0x0000000081e00000| PB 0x0000000081e00000| Untracked |  0
|   9|0x0000000081f00000, 0x0000000081f00000, 0x0000000082000000|  0%| F|  |TAMS 0x0000000081f00000| PB 0x0000000081f00000| Untracked |  0
|  10|0x0000000082000000, 0x0000000082000000, 0x0000000082100000|  0%| F|  |TAMS 0x0000000082000000| PB 0x0000000082000000| Untracked |  0
|  11|0x0000000082100000, 0x0000000082100000, 0x0000000082200000|  0%| F|  |TAMS 0x0000000082100000| PB 0x0000000082100000| Untracked |  0
|  12|0x0000000082200000, 0x0000000082200000, 0x0000000082300000|  0%| F|  |TAMS 0x0000000082200000| PB 0x0000000082200000| Untracked |  0
|  13|0x0000000082300000, 0x0000000082300000, 0x0000000082400000|  0%| F|  |TAMS 0x0000000082300000| PB 0x0000000082300000| Untracked |  0
|  14|0x0000000082400000, 0x0000000082400000, 0x0000000082500000|  0%| F|  |TAMS 0x0000000082400000| PB 0x0000000082400000| Untracked |  0
|  15|0x0000000082500000, 0x0000000082500000, 0x0000000082600000|  0%| F|  |TAMS 0x0000000082500000| PB 0x0000000082500000| Untracked |  0
|  16|0x0000000082600000, 0x0000000082600000, 0x0000000082700000|  0%| F|  |TAMS 0x0000000082600000| PB 0x0000000082600000| Untracked |  0
|  17|0x0000000082700000, 0x0000000082700000, 0x0000000082800000|  0%| F|  |TAMS 0x0000000082700000| PB 0x0000000082700000| Untracked |  0
|  18|0x0000000082800000, 0x0000000082800000, 0x0000000082900000|  0%| F|  |TAMS 0x0000000082800000| PB 0x0000000082800000| Untracked |  0
|  19|0x0000000082900000, 0x0000000082900000, 0x0000000082a00000|  0%| F|  |TAMS 0x0000000082900000| PB 0x0000000082900000| Untracked |  0
|  20|0x0000000082a00000, 0x0000000082a00000, 0x0000000082b00000|  0%| F|  |TAMS 0x0000000082a00000| PB 0x0000000082a00000| Untracked |  0
|  21|0x0000000082b00000, 0x0000000082b00000, 0x0000000082c00000|  0%| F|  |TAMS 0x0000000082b00000| PB 0x0000000082b00000| Untracked |  0
|  22|0x0000000082c00000, 0x0000000082c00000, 0x0000000082d00000|  0%| F|  |TAMS 0x0000000082c00000| PB 0x0000000082c00000| Untracked |  0
|  23|0x0000000082d00000, 0x0000000082d00000, 0x0000000082e00000|  0%| F|  |TAMS 0x0000000082d00000| PB 0x0000000082d00000| Untracked |  0
|  24|0x0000000082e00000, 0x0000000082e00000, 0x0000000082f00000|  0%| F|  |TAMS 0x0000000082e00000| PB 0x0000000082e00000| Untracked |  0
|  25|0x0000000082f00000, 0x0000000082f00000, 0x0000000083000000|  0%| F|  |TAMS 0x0000000082f00000| PB 0x0000000082f00000| Untracked |  0
|  26|0x0000000083000000, 0x0000000083000000, 0x0000000083100000|  0%| F|  |TAMS 0x0000000083000000| PB 0x0000000083000000| Untracked |  0
|  27|0x0000000083100000, 0x0000000083100000, 0x0000000083200000|  0%| F|  |TAMS 0x0000000083100000| PB 0x0000000083100000| Untracked |  0
|  28|0x0000000083200000, 0x0000000083200000, 0x0000000083300000|  0%| F|  |TAMS 0x0000000083200000| PB 0x0000000083200000| Untracked |  0
|  29|0x0000000083300000, 0x0000000083300000, 0x0000000083400000|  0%| F|  |TAMS 0x0000000083300000| PB 0x0000000083300000| Untracked |  0
|  30|0x0000000083400000, 0x0000000083400000, 0x0000000083500000|  0%| F|  |TAMS 0x0000000083400000| PB 0x0000000083400000| Untracked |  0
|  31|0x0000000083500000, 0x0000000083500000, 0x0000000083600000|  0%| F|  |TAMS 0x0000000083500000| PB 0x0000000083500000| Untracked |  0
|  32|0x0000000083600000, 0x0000000083600000, 0x0000000083700000|  0%| F|  |TAMS 0x0000000083600000| PB 0x0000000083600000| Untracked |  0
|  33|0x0000000083700000, 0x0000000083700000, 0x0000000083800000|  0%| F|  |TAMS 0x0000000083700000| PB 0x0000000083700000| Untracked |  0
|  34|0x0000000083800000, 0x0000000083800000, 0x0000000083900000|  0%| F|  |TAMS 0x0000000083800000| PB 0x0000000083800000| Untracked |  0
|  35|0x0000000083900000, 0x0000000083900000, 0x0000000083a00000|  0%| F|  |TAMS 0x0000000083900000| PB 0x0000000083900000| Untracked |  0
|  36|0x0000000083a00000, 0x0000000083a00000, 0x0000000083b00000|  0%| F|  |TAMS 0x0000000083a00000| PB 0x0000000083a00000| Untracked |  0
|  37|0x0000000083b00000, 0x0000000083b00000, 0x0000000083c00000|  0%| F|  |TAMS 0x0000000083b00000| PB 0x0000000083b00000| Untracked |  0
|  38|0x0000000083c00000, 0x0000000083c00000, 0x0000000083d00000|  0%| F|  |TAMS 0x0000000083c00000| PB 0x0000000083c00000| Untracked |  0
|  39|0x0000000083d00000, 0x0000000083d00000, 0x0000000083e00000|  0%| F|  |TAMS 0x0000000083d00000| PB 0x0000000083d00000| Untracked |  0
|  40|0x0000000083e00000, 0x0000000083e00000, 0x0000000083f00000|  0%| F|  |TAMS 0x0000000083e00000| PB 0x0000000083e00000| Untracked |  0
|  41|0x0000000083f00000, 0x0000000083f00000, 0x0000000084000000|  0%| F|  |TAMS 0x0000000083f00000| PB 0x0000000083f00000| Untracked |  0
|  42|0x0000000084000000, 0x0000000084000000, 0x0000000084100000|  0%| F|  |TAMS 0x0000000084000000| PB 0x0000000084000000| Untracked |  0
|  43|0x0000000084100000, 0x0000000084100000, 0x0000000084200000|  0%| F|  |TAMS 0x0000000084100000| PB 0x0000000084100000| Untracked |  0
|  44|0x0000000084200000, 0x0000000084200000, 0x0000000084300000|  0%| F|  |TAMS 0x0000000084200000| PB 0x0000000084200000| Untracked |  0
|  45|0x0000000084300000, 0x0000000084300000, 0x0000000084400000|  0%| F|  |TAMS 0x0000000084300000| PB 0x0000000084300000| Untracked |  0
|  46|0x0000000084400000, 0x0000000084400000, 0x0000000084500000|  0%| F|  |TAMS 0x0000000084400000| PB 0x0000000084400000| Untracked |  0
|  47|0x0000000084500000, 0x0000000084500000, 0x0000000084600000|  0%| F|  |TAMS 0x0000000084500000| PB 0x0000000084500000| Untracked |  0
|  48|0x0000000084600000, 0x0000000084600000, 0x0000000084700000|  0%| F|  |TAMS 0x0000000084600000| PB 0x0000000084600000| Untracked |  0
|  49|0x0000000084700000, 0x0000000084700000, 0x0000000084800000|  0%| F|  |TAMS 0x0000000084700000| PB 0x0000000084700000| Untracked |  0
|  50|0x0000000084800000, 0x0000000084800000, 0x0000000084900000|  0%| F|  |TAMS 0x0000000084800000| PB 0x0000000084800000| Untracked |  0
|  51|0x0000000084900000, 0x0000000084900000, 0x0000000084a00000|  0%| F|  |TAMS 0x0000000084900000| PB 0x0000000084900000| Untracked |  0
|  52|0x0000000084a00000, 0x0000000084a00000, 0x0000000084b00000|  0%| F|  |TAMS 0x0000000084a00000| PB 0x0000000084a00000| Untracked |  0
|  53|0x0000000084b00000, 0x0000000084b00000, 0x0000000084c00000|  0%| F|  |TAMS 0x0000000084b00000| PB 0x0000000084b00000| Untracked |  0
|  54|0x0000000084c00000, 0x0000000084c00000, 0x0000000084d00000|  0%| F|  |TAMS 0x0000000084c00000| PB 0x0000000084c00000| Untracked |  0
|  55|0x0000000084d00000, 0x0000000084d00000, 0x0000000084e00000|  0%| F|  |TAMS 0x0000000084d00000| PB 0x0000000084d00000| Untracked |  0
|  56|0x0000000084e00000, 0x0000000084e00000, 0x0000000084f00000|  0%| F|  |TAMS 0x0000000084e00000| PB 0x0000000084e00000| Untracked |  0
|  57|0x0000000084f00000, 0x0000000084f00000, 0x0000000085000000|  0%| F|  |TAMS 0x0000000084f00000| PB 0x0000000084f00000| Untracked |  0
|  58|0x0000000085000000, 0x0000000085000000, 0x0000000085100000|  0%| F|  |TAMS 0x0000000085000000| PB 0x0000000085000000| Untracked |  0
|  59|0x0000000085100000, 0x0000000085100000, 0x0000000085200000|  0%| F|  |TAMS 0x0000000085100000| PB 0x0000000085100000| Untracked |  0
|  60|0x0000000085200000, 0x0000000085200000, 0x0000000085300000|  0%| F|  |TAMS 0x0000000085200000| PB 0x0000000085200000| Untracked |  0
|  61|0x0000000085300000, 0x0000000085300000, 0x0000000085400000|  0%| F|  |TAMS 0x0000000085300000| PB 0x0000000085300000| Untracked |  0
|  62|0x0000000085400000, 0x0000000085400000, 0x0000000085500000|  0%| F|  |TAMS 0x0000000085400000| PB 0x0000000085400000| Untracked |  0
|  63|0x0000000085500000, 0x0000000085500000, 0x0000000085600000|  0%| F|  |TAMS 0x0000000085500000| PB 0x0000000085500000| Untracked |  0
|  64|0x0000000085600000, 0x0000000085600000, 0x0000000085700000|  0%| F|  |TAMS 0x0000000085600000| PB 0x0000000085600000| Untracked |  0
|  65|0x0000000085700000, 0x0000000085700000, 0x0000000085800000|  0%| F|  |TAMS 0x0000000085700000| PB 0x0000000085700000| Untracked |  0
|  66|0x0000000085800000, 0x0000000085800000, 0x0000000085900000|  0%| F|  |TAMS 0x0000000085800000| PB 0x0000000085800000| Untracked |  0
|  67|0x0000000085900000, 0x0000000085900000, 0x0000000085a00000|  0%| F|  |TAMS 0x0000000085900000| PB 0x0000000085900000| Untracked |  0
|  68|0x0000000085a00000, 0x0000000085a00000, 0x0000000085b00000|  0%| F|  |TAMS 0x0000000085a00000| PB 0x0000000085a00000| Untracked |  0
|  69|0x0000000085b00000, 0x0000000085b00000, 0x0000000085c00000|  0%| F|  |TAMS 0x0000000085b00000| PB 0x0000000085b00000| Untracked |  0
|  70|0x0000000085c00000, 0x0000000085c00000, 0x0000000085d00000|  0%| F|  |TAMS 0x0000000085c00000| PB 0x0000000085c00000| Untracked |  0
|  71|0x0000000085d00000, 0x0000000085d00000, 0x0000000085e00000|  0%| F|  |TAMS 0x0000000085d00000| PB 0x0000000085d00000| Untracked |  0
|  72|0x0000000085e00000, 0x0000000085e00000, 0x0000000085f00000|  0%| F|  |TAMS 0x0000000085e00000| PB 0x0000000085e00000| Untracked |  0
|  73|0x0000000085f00000, 0x0000000085f00000, 0x0000000086000000|  0%| F|  |TAMS 0x0000000085f00000| PB 0x0000000085f00000| Untracked |  0
|  74|0x0000000086000000, 0x0000000086000000, 0x0000000086100000|  0%| F|  |TAMS 0x0000000086000000| PB 0x0000000086000000| Untracked |  0
|  75|0x0000000086100000, 0x0000000086100000, 0x0000000086200000|  0%| F|  |TAMS 0x0000000086100000| PB 0x0000000086100000| Untracked |  0
|  76|0x0000000086200000, 0x0000000086200000, 0x0000000086300000|  0%| F|  |TAMS 0x0000000086200000| PB 0x0000000086200000| Untracked |  0
|  77|0x0000000086300000, 0x0000000086300000, 0x0000000086400000|  0%| F|  |TAMS 0x0000000086300000| PB 0x0000000086300000| Untracked |  0
|  78|0x0000000086400000, 0x0000000086400000, 0x0000000086500000|  0%| F|  |TAMS 0x0000000086400000| PB 0x0000000086400000| Untracked |  0
|  79|0x0000000086500000, 0x0000000086500000, 0x0000000086600000|  0%| F|  |TAMS 0x0000000086500000| PB 0x0000000086500000| Untracked |  0
|  80|0x0000000086600000, 0x0000000086600000, 0x0000000086700000|  0%| F|  |TAMS 0x0000000086600000| PB 0x0000000086600000| Untracked |  0
|  81|0x0000000086700000, 0x0000000086700000, 0x0000000086800000|  0%| F|  |TAMS 0x0000000086700000| PB 0x0000000086700000| Untracked |  0
|  82|0x0000000086800000, 0x0000000086800000, 0x0000000086900000|  0%| F|  |TAMS 0x0000000086800000| PB 0x0000000086800000| Untracked |  0
|  83|0x0000000086900000, 0x0000000086900000, 0x0000000086a00000|  0%| F|  |TAMS 0x0000000086900000| PB 0x0000000086900000| Untracked |  0
|  84|0x0000000086a00000, 0x0000000086a00000, 0x0000000086b00000|  0%| F|  |TAMS 0x0000000086a00000| PB 0x0000000086a00000| Untracked |  0
|  85|0x0000000086b00000, 0x0000000086b00000, 0x0000000086c00000|  0%| F|  |TAMS 0x0000000086b00000| PB 0x0000000086b00000| Untracked |  0
|  86|0x0000000086c00000, 0x0000000086c00000, 0x0000000086d00000|  0%| F|  |TAMS 0x0000000086c00000| PB 0x0000000086c00000| Untracked |  0
|  87|0x0000000086d00000, 0x0000000086d00000, 0x0000000086e00000|  0%| F|  |TAMS 0x0000000086d00000| PB 0x0000000086d00000| Untracked |  0
|  88|0x0000000086e00000, 0x0000000086e75c80, 0x0000000086f00000| 46%| S|CS|TAMS 0x0000000086e00000| PB 0x0000000086e00000| Complete |  0
|  89|0x0000000086f00000, 0x0000000087000000, 0x0000000087000000|100%| S|CS|TAMS 0x0000000086f00000| PB 0x0000000086f00000| Complete |  0
|  90|0x0000000087000000, 0x0000000087100000, 0x0000000087100000|100%| S|CS|TAMS 0x0000000087000000| PB 0x0000000087000000| Complete |  0
|  91|0x0000000087100000, 0x0000000087200000, 0x0000000087200000|100%| S|CS|TAMS 0x0000000087100000| PB 0x0000000087100000| Complete |  0
|  92|0x0000000087200000, 0x0000000087300000, 0x0000000087300000|100%| S|CS|TAMS 0x0000000087200000| PB 0x0000000087200000| Complete |  0
|  93|0x0000000087300000, 0x0000000087300000, 0x0000000087400000|  0%| F|  |TAMS 0x0000000087300000| PB 0x0000000087300000| Untracked |  0
|  94|0x0000000087400000, 0x0000000087400000, 0x0000000087500000|  0%| F|  |TAMS 0x0000000087400000| PB 0x0000000087400000| Untracked |  0
|  95|0x0000000087500000, 0x0000000087500000, 0x0000000087600000|  0%| F|  |TAMS 0x0000000087500000| PB 0x0000000087500000| Untracked |  0
|  96|0x0000000087600000, 0x0000000087600000, 0x0000000087700000|  0%| F|  |TAMS 0x0000000087600000| PB 0x0000000087600000| Untracked |  0
|  97|0x0000000087700000, 0x0000000087700000, 0x0000000087800000|  0%| F|  |TAMS 0x0000000087700000| PB 0x0000000087700000| Untracked |  0
|  98|0x0000000087800000, 0x0000000087800000, 0x0000000087900000|  0%| F|  |TAMS 0x0000000087800000| PB 0x0000000087800000| Untracked |  0
|  99|0x0000000087900000, 0x0000000087900000, 0x0000000087a00000|  0%| F|  |TAMS 0x0000000087900000| PB 0x0000000087900000| Untracked |  0
| 100|0x0000000087a00000, 0x0000000087a00000, 0x0000000087b00000|  0%| F|  |TAMS 0x0000000087a00000| PB 0x0000000087a00000| Untracked |  0
| 101|0x0000000087b00000, 0x0000000087b00000, 0x0000000087c00000|  0%| F|  |TAMS 0x0000000087b00000| PB 0x0000000087b00000| Untracked |  0
| 102|0x0000000087c00000, 0x0000000087c00000, 0x0000000087d00000|  0%| F|  |TAMS 0x0000000087c00000| PB 0x0000000087c00000| Untracked |  0
| 103|0x0000000087d00000, 0x0000000087d00000, 0x0000000087e00000|  0%| F|  |TAMS 0x0000000087d00000| PB 0x0000000087d00000| Untracked |  0
| 104|0x0000000087e00000, 0x0000000087e00000, 0x0000000087f00000|  0%| F|  |TAMS 0x0000000087e00000| PB 0x0000000087e00000| Untracked |  0
| 105|0x0000000087f00000, 0x0000000087f00000, 0x0000000088000000|  0%| F|  |TAMS 0x0000000087f00000| PB 0x0000000087f00000| Untracked |  0
| 106|0x0000000088000000, 0x0000000088000000, 0x0000000088100000|  0%| F|  |TAMS 0x0000000088000000| PB 0x0000000088000000| Untracked |  0
| 107|0x0000000088100000, 0x0000000088100000, 0x0000000088200000|  0%| F|  |TAMS 0x0000000088100000| PB 0x0000000088100000| Untracked |  0
| 108|0x0000000088200000, 0x0000000088200000, 0x0000000088300000|  0%| F|  |TAMS 0x0000000088200000| PB 0x0000000088200000| Untracked |  0
| 109|0x0000000088300000, 0x0000000088300000, 0x0000000088400000|  0%| F|  |TAMS 0x0000000088300000| PB 0x0000000088300000| Untracked |  0
| 110|0x0000000088400000, 0x0000000088400000, 0x0000000088500000|  0%| F|  |TAMS 0x0000000088400000| PB 0x0000000088400000| Untracked |  0
| 111|0x0000000088500000, 0x0000000088500000, 0x0000000088600000|  0%| F|  |TAMS 0x0000000088500000| PB 0x0000000088500000| Untracked |  0
| 112|0x0000000088600000, 0x0000000088600000, 0x0000000088700000|  0%| F|  |TAMS 0x0000000088600000| PB 0x0000000088600000| Untracked |  0
| 113|0x0000000088700000, 0x0000000088700000, 0x0000000088800000|  0%| F|  |TAMS 0x0000000088700000| PB 0x0000000088700000| Untracked |  0
| 114|0x0000000088800000, 0x0000000088800000, 0x0000000088900000|  0%| F|  |TAMS 0x0000000088800000| PB 0x0000000088800000| Untracked |  0
| 115|0x0000000088900000, 0x0000000088900000, 0x0000000088a00000|  0%| F|  |TAMS 0x0000000088900000| PB 0x0000000088900000| Untracked |  0
| 116|0x0000000088a00000, 0x0000000088a00000, 0x0000000088b00000|  0%| F|  |TAMS 0x0000000088a00000| PB 0x0000000088a00000| Untracked |  0
| 117|0x0000000088b00000, 0x0000000088b00000, 0x0000000088c00000|  0%| F|  |TAMS 0x0000000088b00000| PB 0x0000000088b00000| Untracked |  0
| 118|0x0000000088c00000, 0x0000000088c00000, 0x0000000088d00000|  0%| F|  |TAMS 0x0000000088c00000| PB 0x0000000088c00000| Untracked |  0
| 119|0x0000000088d00000, 0x0000000088d00000, 0x0000000088e00000|  0%| F|  |TAMS 0x0000000088d00000| PB 0x0000000088d00000| Untracked |  0
| 120|0x0000000088e00000, 0x0000000088e00000, 0x0000000088f00000|  0%| F|  |TAMS 0x0000000088e00000| PB 0x0000000088e00000| Untracked |  0
| 121|0x0000000088f00000, 0x0000000088f00000, 0x0000000089000000|  0%| F|  |TAMS 0x0000000088f00000| PB 0x0000000088f00000| Untracked |  0
| 122|0x0000000089000000, 0x00000000890b0198, 0x0000000089100000| 68%| E|  |TAMS 0x0000000089000000| PB 0x0000000089000000| Complete |  0
| 123|0x0000000089100000, 0x0000000089200000, 0x0000000089200000|100%| E|CS|TAMS 0x0000000089100000| PB 0x0000000089100000| Complete |  0
| 124|0x0000000089200000, 0x0000000089300000, 0x0000000089300000|100%| E|CS|TAMS 0x0000000089200000| PB 0x0000000089200000| Complete |  0
| 125|0x0000000089300000, 0x0000000089400000, 0x0000000089400000|100%| E|CS|TAMS 0x0000000089300000| PB 0x0000000089300000| Complete |  0
| 126|0x0000000089400000, 0x0000000089500000, 0x0000000089500000|100%| E|CS|TAMS 0x0000000089400000| PB 0x0000000089400000| Complete |  0
| 127|0x0000000089500000, 0x0000000089600000, 0x0000000089600000|100%| E|CS|TAMS 0x0000000089500000| PB 0x0000000089500000| Complete |  0

Card table byte_map: [0x00000195a5b80000,0x00000195a5f80000] _byte_map_base: 0x00000195a5775000

Marking Bits: (CMBitMap*) 0x000001958e488150
 Bits: [0x00000195a5f80000, 0x00000195a7f28000)

Polling page: 0x000001958c2e0000

Metaspace:

Usage:
  Non-class:     16.64 MB used.
      Class:      2.39 MB used.
       Both:     19.02 MB used.

Virtual space:
  Non-class space:       64.00 MB reserved,      16.81 MB ( 26%) committed,  1 nodes.
      Class space:        1.00 GB reserved,       2.50 MB ( <1%) committed,  1 nodes.
             Both:        1.06 GB reserved,      19.31 MB (  2%) committed. 

Chunk freelists:
   Non-Class:  14.25 MB
       Class:  13.38 MB
        Both:  27.62 MB

MaxMetaspaceSize: unlimited
CompressedClassSpaceSize: 1.00 GB
Initial GC threshold: 21.00 MB
Current GC threshold: 21.00 MB
CDS: on
 - commit_granule_bytes: 65536.
 - commit_granule_words: 8192.
 - virtual_space_node_default_size: 8388608.
 - enlarge_chunks_in_place: 1.
 - use_allocation_guard: 0.


Internal statistics:

num_allocs_failed_limit: 0.
num_arena_births: 276.
num_arena_deaths: 0.
num_vsnodes_births: 2.
num_vsnodes_deaths: 0.
num_space_committed: 309.
num_space_uncommitted: 0.
num_chunks_returned_to_freelist: 0.
num_chunks_taken_from_freelist: 906.
num_chunk_merges: 0.
num_chunk_splits: 592.
num_chunks_enlarged: 425.
num_inconsistent_stats: 0.

CodeHeap 'non-profiled nmethods': size=120000Kb used=799Kb max_used=799Kb free=119200Kb
 bounds [0x000001959e250000, 0x000001959e4c0000, 0x00000195a5780000]
CodeHeap 'profiled nmethods': size=120000Kb used=4425Kb max_used=4425Kb free=115574Kb
 bounds [0x0000019596780000, 0x0000019596be0000, 0x000001959dcb0000]
CodeHeap 'non-nmethods': size=5760Kb used=1450Kb max_used=1468Kb free=4309Kb
 bounds [0x000001959dcb0000, 0x000001959df20000, 0x000001959e250000]
 total_blobs=2862 nmethods=2330 adapters=436
 compilation: enabled
              stopped_count=0, restarted_count=0
 full_count=0

Compilation events (20 events):
Event: 26.690 Thread 0x00000195aa4141c0 2251       1       sun.reflect.annotation.AnnotationType::memberDefaults (5 bytes)
Event: 26.690 Thread 0x00000195aa4141c0 nmethod 2251 0x000001959e315290 code [0x000001959e315420, 0x000001959e3154e8]
Event: 26.690 Thread 0x00000195aa4141c0 2255       3       java.util.LinkedHashMap::<init> (15 bytes)
Event: 26.690 Thread 0x00000195aa4141c0 nmethod 2255 0x0000019596bac110 code [0x0000019596bac2c0, 0x0000019596bac4f8]
Event: 26.690 Thread 0x00000195aa4141c0 2254       1       sun.reflect.annotation.AnnotationType::retention (5 bytes)
Event: 26.690 Thread 0x00000195aa4141c0 nmethod 2254 0x000001959e315590 code [0x000001959e315720, 0x000001959e3157e8]
Event: 26.708 Thread 0x00000195aa4141c0 2256       3       java.util.concurrent.ConcurrentHashMap::containsKey (14 bytes)
Event: 26.708 Thread 0x00000195aa4141c0 nmethod 2256 0x0000019596bac610 code [0x0000019596bac7c0, 0x0000019596bac968]
Event: 26.708 Thread 0x00000195aa4141c0 2257       3       jdk.internal.org.objectweb.asm.Frame::addInitializedType (77 bytes)
Event: 26.708 Thread 0x00000195aa4141c0 nmethod 2257 0x0000019596baca10 code [0x0000019596bacbe0, 0x0000019596bad0e0]
Event: 26.709 Thread 0x00000195aa4141c0 2258       3       java.util.concurrent.atomic.AtomicInteger::incrementAndGet (14 bytes)
Event: 26.710 Thread 0x00000195aa4141c0 nmethod 2258 0x0000019596bad290 code [0x0000019596bad420, 0x0000019596bad540]
Event: 26.710 Thread 0x00000195aa4141c0 2259       3       java.util.EnumSet::of (51 bytes)
Event: 26.710 Thread 0x00000195aa4141c0 nmethod 2259 0x0000019596bad610 code [0x0000019596bad820, 0x0000019596badc68]
Event: 26.710 Thread 0x00000195aa4141c0 2260   !   3       org.springframework.util.ConcurrentReferenceHashMap$Segment::doTask (179 bytes)
Event: 26.713 Thread 0x00000195aa4141c0 nmethod 2260 0x0000019596badf10 code [0x0000019596bae300, 0x0000019596baffd8]
Event: 26.713 Thread 0x00000195aa4141c0 2262   !   3       java.lang.reflect.Executable::declaredAnnotations (85 bytes)
Event: 26.714 Thread 0x00000195aa4141c0 nmethod 2262 0x0000019596bb0c10 code [0x0000019596bb0e60, 0x0000019596bb1748]
Event: 26.714 Thread 0x00000195aa4141c0 2261       3       java.lang.invoke.LambdaForm$DMH/0x00000195ac02c800::newInvokeSpecial (32 bytes)
Event: 26.714 Thread 0x00000195aa4141c0 nmethod 2261 0x0000019596bb1b10 code [0x0000019596bb1d00, 0x0000019596bb2358]

GC Heap History (6 events):
Event: 18.708 GC heap before
{Heap before GC invocations=0 (full 0):
 garbage-first heap   total reserved 2074624K, committed 131072K, used 14336K [0x0000000081600000, 0x0000000100000000)
  region size 1024K, 14 young (14336K), 0 survivors (0K)
 Metaspace       used 4047K, committed 4288K, reserved 1114112K
  class space    used 425K, committed 512K, reserved 1048576K
}
Event: 18.715 GC heap after
{Heap after GC invocations=1 (full 0):
 garbage-first heap   total reserved 2074624K, committed 131072K, used 6271K [0x0000000081600000, 0x0000000100000000)
  region size 1024K, 2 young (2048K), 2 survivors (2048K)
 Metaspace       used 4047K, committed 4288K, reserved 1114112K
  class space    used 425K, committed 512K, reserved 1048576K
}
Event: 22.127 GC heap before
{Heap before GC invocations=1 (full 0):
 garbage-first heap   total reserved 2074624K, committed 131072K, used 20607K [0x0000000081600000, 0x0000000100000000)
  region size 1024K, 16 young (16384K), 2 survivors (2048K)
 Metaspace       used 8150K, committed 8384K, reserved 1114112K
  class space    used 982K, committed 1088K, reserved 1048576K
}
Event: 22.134 GC heap after
{Heap after GC invocations=2 (full 0):
 garbage-first heap   total reserved 2074624K, committed 131072K, used 7895K [0x0000000081600000, 0x0000000100000000)
  region size 1024K, 2 young (2048K), 2 survivors (2048K)
 Metaspace       used 8150K, committed 8384K, reserved 1114112K
  class space    used 982K, committed 1088K, reserved 1048576K
}
Event: 26.520 GC heap before
{Heap before GC invocations=2 (full 0):
 garbage-first heap   total reserved 2074624K, committed 131072K, used 41687K [0x0000000081600000, 0x0000000100000000)
  region size 1024K, 35 young (35840K), 2 survivors (2048K)
 Metaspace       used 18601K, committed 18944K, reserved 1114112K
  class space    used 2353K, committed 2496K, reserved 1048576K
}
Event: 26.529 GC heap after
{Heap after GC invocations=3 (full 0):
 garbage-first heap   total reserved 2074624K, committed 131072K, used 11167K [0x0000000081600000, 0x0000000100000000)
  region size 1024K, 5 young (5120K), 5 survivors (5120K)
 Metaspace       used 18601K, committed 18944K, reserved 1114112K
  class space    used 2353K, committed 2496K, reserved 1048576K
}

Dll operation events (12 events):
Event: 0.499 Loaded shared library C:\Program Files\Java\jdk-22\bin\java.dll
Event: 0.537 Loaded shared library C:\Program Files\Java\jdk-22\bin\jsvml.dll
Event: 0.690 Loaded shared library C:\Program Files\Java\jdk-22\bin\zip.dll
Event: 0.803 Loaded shared library C:\Program Files\Java\jdk-22\bin\instrument.dll
Event: 0.867 Loaded shared library C:\Program Files\Java\jdk-22\bin\net.dll
Event: 0.869 Loaded shared library C:\Program Files\Java\jdk-22\bin\nio.dll
Event: 0.931 Loaded shared library C:\Program Files\Java\jdk-22\bin\zip.dll
Event: 15.019 Loaded shared library C:\Program Files\JetBrains\IntelliJ IDEA Community Edition 2024.1.1\bin\breakgen64.dll
Event: 15.207 Loaded shared library C:\Program Files\Java\jdk-22\bin\extnet.dll
Event: 16.268 Loaded shared library C:\Program Files\Java\jdk-22\bin\jimage.dll
Event: 23.259 Loaded shared library C:\Program Files\Java\jdk-22\bin\le.dll
Event: 26.501 Loaded shared library C:\Program Files\Java\jdk-22\bin\sunmscapi.dll

Deoptimization events (20 events):
Event: 26.401 Thread 0x000001958c3260e0 Uncommon trap: trap_request=0xffffff45 fr.pc=0x000001959e29d524 relative=0x0000000000000664
Event: 26.401 Thread 0x000001958c3260e0 Uncommon trap: reason=unstable_if action=reinterpret pc=0x000001959e29d524 method=java.util.zip.ZipCoder.hash(Ljava/lang/String;)I @ 23 c2
Event: 26.401 Thread 0x000001958c3260e0 DEOPT PACKING pc=0x000001959e29d524 sp=0x000000123fcfe2a0
Event: 26.401 Thread 0x000001958c3260e0 DEOPT UNPACKING pc=0x000001959dd046a2 sp=0x000000123fcfe160 mode 2
Event: 26.401 Thread 0x000001958c3260e0 Uncommon trap: trap_request=0xffffff45 fr.pc=0x000001959e293268 relative=0x0000000000000448
Event: 26.401 Thread 0x000001958c3260e0 Uncommon trap: reason=unstable_if action=reinterpret pc=0x000001959e293268 method=java.util.zip.ZipCoder.hash(Ljava/lang/String;)I @ 23 c2
Event: 26.401 Thread 0x000001958c3260e0 DEOPT PACKING pc=0x000001959e293268 sp=0x000000123fcfe240
Event: 26.401 Thread 0x000001958c3260e0 DEOPT UNPACKING pc=0x000001959dd046a2 sp=0x000000123fcfe160 mode 2
Event: 26.401 Thread 0x000001958c3260e0 Uncommon trap: trap_request=0xffffff45 fr.pc=0x000001959e29291c relative=0x000000000000015c
Event: 26.401 Thread 0x000001958c3260e0 Uncommon trap: reason=unstable_if action=reinterpret pc=0x000001959e29291c method=java.util.zip.ZipCoder.hash(Ljava/lang/String;)I @ 23 c2
Event: 26.401 Thread 0x000001958c3260e0 DEOPT PACKING pc=0x000001959e29291c sp=0x000000123fcfe1e0
Event: 26.401 Thread 0x000001958c3260e0 DEOPT UNPACKING pc=0x000001959dd046a2 sp=0x000000123fcfe168 mode 2
Event: 26.401 Thread 0x000001958c3260e0 Uncommon trap: trap_request=0xffffff45 fr.pc=0x000001959e2d1784 relative=0x00000000000014a4
Event: 26.401 Thread 0x000001958c3260e0 Uncommon trap: reason=unstable_if action=reinterpret pc=0x000001959e2d1784 method=java.util.zip.ZipCoder.hash(Ljava/lang/String;)I @ 23 c2
Event: 26.401 Thread 0x000001958c3260e0 DEOPT PACKING pc=0x000001959e2d1784 sp=0x000000123fcfe280
Event: 26.401 Thread 0x000001958c3260e0 DEOPT UNPACKING pc=0x000001959dd046a2 sp=0x000000123fcfe0d8 mode 2
Event: 26.710 Thread 0x000001958c3260e0 Uncommon trap: trap_request=0xffffff45 fr.pc=0x000001959e2db088 relative=0x00000000000000e8
Event: 26.710 Thread 0x000001958c3260e0 Uncommon trap: reason=unstable_if action=reinterpret pc=0x000001959e2db088 method=java.util.Arrays.equals([Ljava/lang/Object;[Ljava/lang/Object;)Z @ 44 c2
Event: 26.710 Thread 0x000001958c3260e0 DEOPT PACKING pc=0x000001959e2db088 sp=0x000000123fcfda80
Event: 26.710 Thread 0x000001958c3260e0 DEOPT UNPACKING pc=0x000001959dd046a2 sp=0x000000123fcfda20 mode 2

Classes loaded (20 events):
Event: 26.505 Loading class java/security/AuthProvider
Event: 26.506 Loading class java/security/AuthProvider done
Event: 26.507 Loading class java/security/PrivilegedActionException
Event: 26.507 Loading class java/security/PrivilegedActionException done
Event: 26.507 Loading class javax/security/auth/login/FailedLoginException
Event: 26.507 Loading class javax/security/auth/login/FailedLoginException done
Event: 26.508 Loading class javax/security/auth/Subject
Event: 26.508 Loading class javax/security/auth/Subject done
Event: 26.508 Loading class javax/security/auth/callback/CallbackHandler
Event: 26.508 Loading class javax/security/auth/callback/CallbackHandler done
Event: 26.516 Loading class com/sun/security/sasl/Provider
Event: 26.516 Loading class com/sun/security/sasl/Provider done
Event: 26.516 Loading class com/sun/security/sasl/Provider$1
Event: 26.516 Loading class com/sun/security/sasl/Provider$1 done
Event: 26.516 Loading class com/sun/security/sasl/Provider$ProviderService
Event: 26.516 Loading class com/sun/security/sasl/Provider$ProviderService done
Event: 26.517 Loading class sun/security/provider/certpath/ldap/JdkLDAP
Event: 26.517 Loading class sun/security/provider/certpath/ldap/JdkLDAP done
Event: 26.517 Loading class sun/security/provider/certpath/ldap/JdkLDAP$ProviderService
Event: 26.517 Loading class sun/security/provider/certpath/ldap/JdkLDAP$ProviderService done

Classes unloaded (0 events):
No events

Classes redefined (0 events):
No events

Internal exceptions (20 events):
Event: 22.588 Thread 0x000001958c3260e0 Exception <a 'java/lang/NoSuchMethodError'{0x000000008922a138}: 'int java.lang.invoke.DirectMethodHandle$Holder.invokeVirtual(java.lang.Object, java.lang.Object, java.lang.Object, java.lang.Object)'> (0x000000008922a138) 
thrown [s\open\src\hotspot\share\interpreter\linkResolver.cpp, line 774]
Event: 22.675 Thread 0x000001958c3260e0 Exception <a 'java/lang/NoSuchMethodError'{0x000000008911cf78}: 'void java.lang.invoke.DirectMethodHandle$Holder.invokeSpecial(java.lang.Object, java.lang.Object, java.lang.Object)'> (0x000000008911cf78) 
thrown [s\open\src\hotspot\share\interpreter\linkResolver.cpp, line 774]
Event: 22.718 Thread 0x000001958c3260e0 Exception <a 'java/lang/IncompatibleClassChangeError'{0x00000000891720d0}: Found class java.lang.Object, but interface was expected> (0x00000000891720d0) 
thrown [s\open\src\hotspot\share\interpreter\linkResolver.cpp, line 841]
Event: 22.729 Thread 0x00000195aa82bdd0 Exception <a 'java/lang/NoClassDefFoundError'{0x000000008915b270}: jakarta/validation/Validation> (0x000000008915b270) 
thrown [s\open\src\hotspot\share\classfile\systemDictionary.cpp, line 302]
Event: 22.773 Thread 0x000001958c3260e0 Exception <a 'java/lang/NoSuchMethodError'{0x00000000891884e8}: 'java.lang.Object java.lang.invoke.DirectMethodHandle$Holder.invokeStaticInit(java.lang.Object, int)'> (0x00000000891884e8) 
thrown [s\open\src\hotspot\share\interpreter\linkResolver.cpp, line 774]
Event: 22.842 Thread 0x000001958c3260e0 Exception <a 'java/lang/NoSuchMethodError'{0x0000000089192a20}: 'java.lang.Object java.lang.invoke.DirectMethodHandle$Holder.invokeStatic(java.lang.Object, int, java.lang.Object)'> (0x0000000089192a20) 
thrown [s\open\src\hotspot\share\interpreter\linkResolver.cpp, line 774]
Event: 22.842 Thread 0x000001958c3260e0 Exception <a 'java/lang/NoSuchMethodError'{0x00000000891960a0}: 'java.lang.Object java.lang.invoke.DirectMethodHandle$Holder.invokeStaticInit(java.lang.Object, int, java.lang.Object)'> (0x00000000891960a0) 
thrown [s\open\src\hotspot\share\interpreter\linkResolver.cpp, line 774]
Event: 23.218 Thread 0x000001958c3260e0 Exception <a 'sun/nio/fs/WindowsException'{0x00000000891b0c40}> (0x00000000891b0c40) 
thrown [s\open\src\hotspot\share\prims\jni.cpp, line 520]
Event: 23.262 Thread 0x000001958c3260e0 Exception <a 'jdk/internal/org/jline/terminal/impl/jna/LastErrorException'{0x00000000890da2d0}> (0x00000000890da2d0) 
thrown [s\open\src\hotspot\share\prims\jni.cpp, line 520]
Event: 23.262 Thread 0x000001958c3260e0 Exception <a 'jdk/internal/org/jline/terminal/impl/jna/LastErrorException'{0x00000000890da990}> (0x00000000890da990) 
thrown [s\open\src\hotspot\share\prims\jni.cpp, line 520]
Event: 23.262 Thread 0x000001958c3260e0 Exception <a 'jdk/internal/org/jline/terminal/impl/jna/LastErrorException'{0x00000000890db000}> (0x00000000890db000) 
thrown [s\open\src\hotspot\share\prims\jni.cpp, line 520]
Event: 25.791 Thread 0x00000195aa82bdd0 Exception <a 'java/lang/NoSuchMethodError'{0x00000000878f56c0}: 'long java.lang.invoke.DirectMethodHandle$Holder.invokeSpecial(java.lang.Object, java.lang.Object)'> (0x00000000878f56c0) 
thrown [s\open\src\hotspot\share\interpreter\linkResolver.cpp, line 774]
Event: 25.793 Thread 0x00000195aa82bdd0 Exception <a 'java/lang/NoSuchMethodError'{0x00000000878ff8c0}: 'long java.lang.invoke.DirectMethodHandle$Holder.invokeStatic(java.lang.Object, java.lang.Object)'> (0x00000000878ff8c0) 
thrown [s\open\src\hotspot\share\interpreter\linkResolver.cpp, line 774]
Event: 25.794 Thread 0x00000195aa82bdd0 Exception <a 'java/lang/NoSuchMethodError'{0x0000000087702f20}: 'long java.lang.invoke.DirectMethodHandle$Holder.invokeStaticInit(java.lang.Object, java.lang.Object)'> (0x0000000087702f20) 
thrown [s\open\src\hotspot\share\interpreter\linkResolver.cpp, line 774]
Event: 25.797 Thread 0x00000195aa82bdd0 Exception <a 'java/lang/NoSuchMethodError'{0x000000008770f3c8}: 'long java.lang.invoke.DirectMethodHandle$Holder.invokeInterface(java.lang.Object, java.lang.Object)'> (0x000000008770f3c8) 
thrown [s\open\src\hotspot\share\interpreter\linkResolver.cpp, line 774]
Event: 25.797 Thread 0x00000195aa82bdd0 Exception <a 'java/lang/IncompatibleClassChangeError'{0x0000000087712688}: Found class java.lang.Object, but interface was expected> (0x0000000087712688) 
thrown [s\open\src\hotspot\share\interpreter\linkResolver.cpp, line 841]
Event: 25.855 Thread 0x00000195aa82bdd0 Exception <a 'java/lang/NoSuchMethodError'{0x000000008777a688}: 'java.lang.Object java.lang.invoke.DirectMethodHandle$Holder.invokeVirtual(java.lang.Object, java.lang.Object, java.lang.Object, java.lang.Object)'> (0x000000008777a688) 
thrown [s\open\src\hotspot\share\interpreter\linkResolver.cpp, line 774]
Event: 26.398 Thread 0x000001958c3260e0 Exception <a 'java/lang/NoSuchMethodError'{0x00000000875af148}: 'java.lang.Object java.lang.invoke.DirectMethodHandle$Holder.invokeVirtual(java.lang.Object, java.lang.Object, java.lang.Object)'> (0x00000000875af148) 
thrown [s\open\src\hotspot\share\interpreter\linkResolver.cpp, line 774]
Event: 26.438 Thread 0x000001958c3260e0 Exception <a 'java/lang/NoSuchMethodError'{0x00000000874118b8}: 'int java.lang.invoke.DirectMethodHandle$Holder.invokeSpecial(java.lang.Object, java.lang.Object, java.lang.Object, java.lang.Object, java.lang.Object)'> (0x00000000874118b8) 
thrown [s\open\src\hotspot\share\interpreter\linkResolver.cpp, line 774]
Event: 26.441 Thread 0x000001958c3260e0 Exception <a 'java/lang/NoSuchMethodError'{0x0000000087419c08}: 'void java.lang.invoke.DirectMethodHandle$Holder.invokeVirtual(java.lang.Object, java.lang.Object)'> (0x0000000087419c08) 
thrown [s\open\src\hotspot\share\interpreter\linkResolver.cpp, line 774]

ZGC Phase Switch (0 events):
No events

VM Operations (20 events):
Event: 22.667 Executing VM operation: HandshakeAllThreads (Deoptimize)
Event: 22.667 Executing VM operation: HandshakeAllThreads (Deoptimize) done
Event: 22.668 Executing VM operation: HandshakeAllThreads (Deoptimize)
Event: 22.668 Executing VM operation: HandshakeAllThreads (Deoptimize) done
Event: 23.676 Executing VM operation: Cleanup
Event: 23.676 Executing VM operation: Cleanup done
Event: 24.502 Executing VM operation: HandshakeAllThreads (Deoptimize)
Event: 24.502 Executing VM operation: HandshakeAllThreads (Deoptimize) done
Event: 25.515 Executing VM operation: Cleanup
Event: 25.515 Executing VM operation: Cleanup done
Event: 25.662 Executing VM operation: HandshakeAllThreads (Deoptimize)
Event: 25.662 Executing VM operation: HandshakeAllThreads (Deoptimize) done
Event: 26.164 Executing VM operation: HandshakeAllThreads (Deoptimize)
Event: 26.164 Executing VM operation: HandshakeAllThreads (Deoptimize) done
Event: 26.389 Executing VM operation: HandshakeAllThreads (Deoptimize)
Event: 26.389 Executing VM operation: HandshakeAllThreads (Deoptimize) done
Event: 26.470 Executing VM operation: HandshakeAllThreads (Deoptimize)
Event: 26.471 Executing VM operation: HandshakeAllThreads (Deoptimize) done
Event: 26.520 Executing VM operation: G1CollectForAllocation (G1 Evacuation Pause)
Event: 26.529 Executing VM operation: G1CollectForAllocation (G1 Evacuation Pause) done

Events (14 events):
Event: 0.517 Thread 0x000001958c3260e0 Thread added: 0x000001958c3260e0
Event: 0.533 Thread 0x00000195aa3f4480 Thread added: 0x00000195aa3f4480
Event: 0.533 Thread 0x00000195aa3f70f0 Thread added: 0x00000195aa3f70f0
Event: 0.533 Thread 0x00000195aa401120 Thread added: 0x00000195aa401120
Event: 0.533 Thread 0x00000195aa401b80 Thread added: 0x00000195aa401b80
Event: 0.534 Thread 0x00000195aa4049f0 Thread added: 0x00000195aa4049f0
Event: 0.534 Thread 0x00000195aa408950 Thread added: 0x00000195aa408950
Event: 0.534 Thread 0x00000195aa413710 Thread added: 0x00000195aa413710
Event: 0.534 Thread 0x00000195aa4141c0 Thread added: 0x00000195aa4141c0
Event: 0.627 Thread 0x00000195aa3c6c30 Thread added: 0x00000195aa3c6c30
Event: 15.020 Thread 0x00000195f011de10 Thread added: 0x00000195f011de10
Event: 15.020 Thread 0x00000195f011e480 Thread added: 0x00000195f011e480
Event: 22.714 Thread 0x00000195aa82bdd0 Thread added: 0x00000195aa82bdd0
Event: 26.573 Thread 0x00000195aa82bdd0 Thread exited: 0x00000195aa82bdd0


Dynamic libraries:
0x00007ff7b4be0000 - 0x00007ff7b4bf0000 	C:\Program Files\Java\jdk-22\bin\java.exe
0x00007ffd0a950000 - 0x00007ffd0ab46000 	C:\Windows\SYSTEM32\ntdll.dll
0x00007ffd0a420000 - 0x00007ffd0a4dd000 	C:\Windows\System32\KERNEL32.DLL
0x00007ffd086f0000 - 0x00007ffd089b8000 	C:\Windows\System32\KERNELBASE.dll
0x00007ffd080a0000 - 0x00007ffd081a0000 	C:\Windows\System32\ucrtbase.dll
0x00007ffcee410000 - 0x00007ffcee42b000 	C:\Program Files\Java\jdk-22\bin\VCRUNTIME140.dll
0x00007ffcf89d0000 - 0x00007ffcf89e7000 	C:\Program Files\Java\jdk-22\bin\jli.dll
0x00007ffd0a7b0000 - 0x00007ffd0a85a000 	C:\Windows\System32\ADVAPI32.dll
0x00007ffd09680000 - 0x00007ffd0971e000 	C:\Windows\System32\msvcrt.dll
0x00007ffd08a20000 - 0x00007ffd08abb000 	C:\Windows\System32\sechost.dll
0x00007ffd0a4e0000 - 0x00007ffd0a604000 	C:\Windows\System32\RPCRT4.dll
0x00007ffd0a610000 - 0x00007ffd0a7b0000 	C:\Windows\System32\USER32.dll
0x00007ffcfe430000 - 0x00007ffcfe6cb000 	C:\Windows\WinSxS\amd64_microsoft.windows.common-controls_6595b64144ccf1df_6.0.19041.488_none_ca04af081b815d21\COMCTL32.dll
0x00007ffd085b0000 - 0x00007ffd085d2000 	C:\Windows\System32\win32u.dll
0x00007ffd0a090000 - 0x00007ffd0a0ba000 	C:\Windows\System32\GDI32.dll
0x00007ffd085e0000 - 0x00007ffd086e9000 	C:\Windows\System32\gdi32full.dll
0x00007ffd08330000 - 0x00007ffd083cd000 	C:\Windows\System32\msvcp_win.dll
0x00007ffcfdd10000 - 0x00007ffcfdd1a000 	C:\Windows\SYSTEM32\VERSION.dll
0x00007ffd08d00000 - 0x00007ffd08d30000 	C:\Windows\System32\IMM32.DLL
0x00007ffcf7ff0000 - 0x00007ffcf7ffc000 	C:\Program Files\Java\jdk-22\bin\vcruntime140_1.dll
0x00007ffce2a60000 - 0x00007ffce2aee000 	C:\Program Files\Java\jdk-22\bin\msvcp140.dll
0x00007ffce1d10000 - 0x00007ffce2a57000 	C:\Program Files\Java\jdk-22\bin\server\jvm.dll
0x00007ffd098d0000 - 0x00007ffd0993b000 	C:\Windows\System32\WS2_32.dll
0x00007ffd07f80000 - 0x00007ffd07fcb000 	C:\Windows\SYSTEM32\POWRPROF.dll
0x00007ffcffbd0000 - 0x00007ffcffbf7000 	C:\Windows\SYSTEM32\WINMM.dll
0x00007ffd07f60000 - 0x00007ffd07f72000 	C:\Windows\SYSTEM32\UMPDC.dll
0x00007ffd05f00000 - 0x00007ffd05f12000 	C:\Windows\SYSTEM32\kernel.appcore.dll
0x00007ffce60c0000 - 0x00007ffce60ca000 	C:\Program Files\Java\jdk-22\bin\jimage.dll
0x00007ffcf7a90000 - 0x00007ffcf7c74000 	C:\Windows\SYSTEM32\DBGHELP.DLL
0x00007ffcf8560000 - 0x00007ffcf858c000 	C:\Windows\SYSTEM32\dbgcore.DLL
0x00007ffd08530000 - 0x00007ffd085af000 	C:\Windows\System32\bcryptPrimitives.dll
0x00007ffce1ba0000 - 0x00007ffce1baf000 	C:\Program Files\Java\jdk-22\bin\instrument.dll
0x00007ffce5180000 - 0x00007ffce519e000 	C:\Program Files\Java\jdk-22\bin\java.dll
0x00007ffd09950000 - 0x00007ffd0a090000 	C:\Windows\System32\SHELL32.dll
0x00007ffd09050000 - 0x00007ffd0917a000 	C:\Windows\System32\ole32.dll
0x00007ffd0a0c0000 - 0x00007ffd0a415000 	C:\Windows\System32\combase.dll
0x00007ffd061e0000 - 0x00007ffd06974000 	C:\Windows\SYSTEM32\windows.storage.dll
0x00007ffd07a40000 - 0x00007ffd07a6c000 	C:\Windows\SYSTEM32\Wldp.dll
0x00007ffd0a860000 - 0x00007ffd0a90e000 	C:\Windows\System32\SHCORE.dll
0x00007ffd08f30000 - 0x00007ffd08f85000 	C:\Windows\System32\shlwapi.dll
0x00007ffd07fd0000 - 0x00007ffd07ff6000 	C:\Windows\SYSTEM32\profapi.dll
0x00007ffce1c30000 - 0x00007ffce1d07000 	C:\Program Files\Java\jdk-22\bin\jsvml.dll
0x00007ffce1bf0000 - 0x00007ffce1c07000 	C:\Program Files\Java\jdk-22\bin\zip.dll
0x00007ffce60b0000 - 0x00007ffce60c0000 	C:\Program Files\Java\jdk-22\bin\net.dll
0x00007ffd077c0000 - 0x00007ffd0782a000 	C:\Windows\system32\mswsock.dll
0x00007ffce1c10000 - 0x00007ffce1c26000 	C:\Program Files\Java\jdk-22\bin\nio.dll
0x00007ffce1a90000 - 0x00007ffce1aaa000 	C:\Program Files\JetBrains\IntelliJ IDEA Community Edition 2024.1.1\bin\breakgen64.dll
0x00007ffce1bb0000 - 0x00007ffce1bb9000 	C:\Program Files\Java\jdk-22\bin\extnet.dll
0x00007ffce1b80000 - 0x00007ffce1b8b000 	C:\Program Files\Java\jdk-22\bin\le.dll
0x00007ffce1bc0000 - 0x00007ffce1bce000 	C:\Program Files\Java\jdk-22\bin\sunmscapi.dll
0x00007ffd083d0000 - 0x00007ffd0852d000 	C:\Windows\System32\CRYPT32.dll
0x00007ffd07ab0000 - 0x00007ffd07ad7000 	C:\Windows\SYSTEM32\ncrypt.dll
0x00007ffd07a70000 - 0x00007ffd07aab000 	C:\Windows\SYSTEM32\NTASN1.dll

dbghelp: loaded successfully - version: 4.0.5 - missing functions: none
symbol engine: initialized successfully - sym options: 0x614 - pdb path: .;C:\Program Files\Java\jdk-22\bin;C:\Windows\SYSTEM32;C:\Windows\WinSxS\amd64_microsoft.windows.common-controls_6595b64144ccf1df_6.0.19041.488_none_ca04af081b815d21;C:\Program Files\Java\jdk-22\bin\server;C:\Program Files\JetBrains\IntelliJ IDEA Community Edition 2024.1.1\bin

VM Arguments:
jvm_args: -javaagent:C:\Program Files\JetBrains\IntelliJ IDEA Community Edition 2024.1.1\lib\idea_rt.jar=51004:C:\Program Files\JetBrains\IntelliJ IDEA Community Edition 2024.1.1\bin -Dfile.encoding=UTF-8 -Dsun.stdout.encoding=UTF-8 -Dsun.stderr.encoding=UTF-8 
java_command: gm.rh.RhApplication
java_class_path (initial): C:\Users\User\Desktop\Proyecto\recursos-humanos-spring\target\classes;C:\Users\User\.m2\repository\org\springframework\boot\spring-boot-starter-data-jpa\3.2.5\spring-boot-starter-data-jpa-3.2.5.jar;C:\Users\User\.m2\repository\org\springframework\boot\spring-boot-starter-aop\3.2.5\spring-boot-starter-aop-3.2.5.jar;C:\Users\User\.m2\repository\org\springframework\spring-aop\6.1.6\spring-aop-6.1.6.jar;C:\Users\User\.m2\repository\org\aspectj\aspectjweaver\1.9.22\aspectjweaver-1.9.22.jar;C:\Users\User\.m2\repository\org\springframework\boot\spring-boot-starter-jdbc\3.2.5\spring-boot-starter-jdbc-3.2.5.jar;C:\Users\User\.m2\repository\com\zaxxer\HikariCP\5.0.1\HikariCP-5.0.1.jar;C:\Users\User\.m2\repository\org\springframework\spring-jdbc\6.1.6\spring-jdbc-6.1.6.jar;C:\Users\User\.m2\repository\org\hibernate\orm\hibernate-core\6.4.4.Final\hibernate-core-6.4.4.Final.jar;C:\Users\User\.m2\repository\jakarta\persistence\jakarta.persistence-api\3.1.0\jakarta.persistence-api-3.1.0.jar;C:\Users\User\.m2\repository\jakarta\transaction\jakarta.transaction-api\2.0.1\jakarta.transaction-api-2.0.1.jar;C:\Users\User\.m2\repository\org\jboss\logging\jboss-logging\3.5.3.Final\jboss-logging-3.5.3.Final.jar;C:\Users\User\.m2\repository\org\hibernate\common\hibernate-commons-annotations\6.0.6.Final\hibernate-commons-annotations-6.0.6.Final.jar;C:\Users\User\.m2\repository\io\smallrye\jandex\3.1.2\jandex-3.1.2.jar;C:\Users\User\.m2\repository\com\fasterxml\classmate\1.6.0\classmate-1.6.0.jar;C:\Users\User\.m2\repository\net\bytebuddy\byte-buddy\1.14.13\byte-buddy-1.14.13.jar;C:\Users\User\.m2\repository\org\glassfish\jaxb\jaxb-runtime\4.0.5\jaxb-runtime-4.0.5.jar;C:\Users\User\.m2\repository\org\glassfish\jaxb\jaxb-core\4.0.5\jaxb-core-4.0.5.jar;C:\Users\User\.m2\repository\org\eclipse\angus\angus-activation\2.0.2\angus-activation-2.0.2.jar;C:\Users\User\.m2\repository\org\glassfish\jaxb\txw2\4.0.5\txw2-4.0.5.jar;C:\Users\User\.m2\repository\com\sun\istack\istack-commons-runtime\4.1.2\istack-commons-runtime-4.1.2.jar;C:\Users\User\.m2\repository\jakarta\inject\jakarta.inject-api\2.0.1\jakarta.inject-api-2.0.1.jar;C:\Users\User\.m2\repository\org\antlr\antlr4-runtime\4.13.0\antlr4-runtime-4.13.0.jar;C:\Users\User\.m2\repository\org\springframework\data\spring-data-jpa\3.2.5\spring-data-jpa-3.2.5.jar;C:\Users\User\.m2\repository\org\springframework\data\spring-data-commons\3.2.5\spring-data-commons-3.2.5.jar;C:\Users\User\.m2\repository\org\springframework\spring-orm\6.1.6\spring-orm-6.1.6.jar;C:\Users\User\.m2\repository\org\springframework\spring-context\6.1.6\spring-context-6.1.6.jar;C:\Users\User\.m2\repository\org\springframework\spring-tx\6.1.6\spring-tx-6.1.6.jar;C:\Users\User\.m2\repository\org\springframework\spring-beans\6.1.6\spring-beans-6.1.6.jar;C:\Users\User\.m2\repository\jakarta\annotation\jakarta.annotation-api\2.1.1\jakarta.annotation-api-2.1.1.jar;C:\Users\User\.m2\repository\org\slf4j\slf4j-api\2.0.13\slf4j-api-2.0.13.jar;C:\Users\User\.m2\repository\org\springframework\spring-aspects\6.1.6\spring-aspects-6.1.6.jar;C:\Users\User\.m2\repository\org\springframework\boot\spring-boot-starter-web\3.2.5\spring-boot-starter-web-3.2.5.jar;C:\Users\User\.m2\repository\org\springframework\boot\spring-boot-starter\3.2.5\spring-boot-starter-3.2.5.jar;C:\Users\User\.m2\repository\org\springframework\boot\spring-boot\3.2.5\spring-boot-3.2.5.jar;C:\Users\User\.m2\repository\org\springframework\boot\spring-boot-autoconfigure\3.2.5\spring-boot-autoconfigure-3.2.5.jar;C:\Users\User\.m2\repository\org\springframework\boot\spring-boot-starter-logging\3.2.5\spring-boot-starter-logging-3.2.5.jar;C:\Users\User\.m2\repository\ch\qos\logback\logback-classic\1.4.14\logback-classic-1.4.14.jar;C:\Users\User\.m2\repository\ch\qos\logback\logback-core\1.4.14\logback-core-1.4.14.jar;C:\Users\User\.m2\repository\org\apache\logging\log4j\log4j-to-slf4j\2.21.1\log4j-to-slf4j-2.21.1.jar;C:\Users\User\.m2\repository\org\apache\logging\log4j\log4j-api\2.21.1\log4j-api-2.21.1.jar;C:\Users\User\.m2\repository\org\slf4j\jul-to-slf4j\2.0.13\jul-to-slf4j-2.0.13.jar;C:\Users\User\.m2\repository\org\yaml\snakeyaml\2.2\snakeyaml-2.2.jar;C:\Users\User\.m2\repository\org\springframework\boot\spring-boot-starter-json\3.2.5\spring-boot-starter-json-3.2.5.jar;C:\Users\User\.m2\repository\com\fasterxml\jackson\core\jackson-databind\2.15.4\jackson-databind-2.15.4.jar;C:\Users\User\.m2\repository\com\fasterxml\jackson\core\jackson-annotations\2.15.4\jackson-annotations-2.15.4.jar;C:\Users\User\.m2\repository\com\fasterxml\jackson\core\jackson-core\2.15.4\jackson-core-2.15.4.jar;C:\Users\User\.m2\repository\com\fasterxml\jackson\datatype\jackson-datatype-jdk8\2.15.4\jackson-datatype-jdk8-2.15.4.jar;C:\Users\User\.m2\repository\com\fasterxml\jackson\datatype\jackson-datatype-jsr310\2.15.4\jackson-datatype-jsr310-2.15.4.jar;C:\Users\User\.m2\repository\com\fasterxml\jackson\module\jackson-module-parameter-names\2.15.4\jackson-module-parameter-names-2.15.4.jar;C:\Users\User\.m2\repository\org\springframework\boot\spring-boot-starter-tomcat\3.2.5\spring-boot-starter-tomcat-3.2.5.jar;C:\Users\User\.m2\repository\org\apache\tomcat\embed\tomcat-embed-core\10.1.20\tomcat-embed-core-10.1.20.jar;C:\Users\User\.m2\repository\org\apache\tomcat\embed\tomcat-embed-el\10.1.20\tomcat-embed-el-10.1.20.jar;C:\Users\User\.m2\repository\org\apache\tomcat\embed\tomcat-embed-websocket\10.1.20\tomcat-embed-websocket-10.1.20.jar;C:\Users\User\.m2\repository\org\springframework\spring-web\6.1.6\spring-web-6.1.6.jar;C:\Users\User\.m2\repository\io\micrometer\micrometer-observation\1.12.5\micrometer-observation-1.12.5.jar;C:\Users\User\.m2\repository\io\micrometer\micrometer-commons\1.12.5\micrometer-commons-1.12.5.jar;C:\Users\User\.m2\repository\org\springframework\spring-webmvc\6.1.6\spring-webmvc-6.1.6.jar;C:\Users\User\.m2\repository\org\springframework\spring-expression\6.1.6\spring-expression-6.1.6.jar;C:\Users\User\.m2\repository\com\mysql\mysql-connector-j\8.3.0\mysql-connector-j-8.3.0.jar;C:\Users\User\.m2\repository\org\projectlombok\lombok\1.18.32\lombok-1.18.32.jar;C:\Users\User\.m2\repository\jakarta\xml\bind\jakarta.xml.bind-api\4.0.2\jakarta.xml.bind-api-4.0.2.jar;C:\Users\User\.m2\repository\jakarta\activation\jakarta.activation-api\2.1.3\jakarta.activation-api-2.1.3.jar;C:\Users\User\.m2\repository\org\springframework\spring-core\6.1.6\spring-core-6.1.6.jar;C:\Users\User\.m2\repository\org\springframework\spring-jcl\6.1.6\spring-jcl-6.1.6.jar
Launcher Type: SUN_STANDARD

[Global flags]
     intx CICompilerCount                          = 3                                         {product} {ergonomic}
     uint ConcGCThreads                            = 1                                         {product} {ergonomic}
     uint G1ConcRefinementThreads                  = 4                                         {product} {ergonomic}
   size_t G1HeapRegionSize                         = 1048576                                   {product} {ergonomic}
   size_t InitialHeapSize                          = 134217728                                 {product} {ergonomic}
   size_t MarkStackSize                            = 4194304                                   {product} {ergonomic}
   size_t MaxHeapSize                              = 2124414976                                {product} {ergonomic}
   size_t MaxNewSize                               = 1274019840                                {product} {ergonomic}
   size_t MinHeapDeltaBytes                        = 1048576                                   {product} {ergonomic}
   size_t MinHeapSize                              = 8388608                                   {product} {ergonomic}
    uintx NonNMethodCodeHeapSize                   = 5832780                                {pd product} {ergonomic}
    uintx NonProfiledCodeHeapSize                  = 122912730                              {pd product} {ergonomic}
    uintx ProfiledCodeHeapSize                     = 122912730                              {pd product} {ergonomic}
    uintx ReservedCodeCacheSize                    = 251658240                              {pd product} {ergonomic}
     bool SegmentedCodeCache                       = true                                      {product} {ergonomic}
   size_t SoftMaxHeapSize                          = 2124414976                             {manageable} {ergonomic}
     bool UseCompressedOops                        = true                           {product lp64_product} {ergonomic}
     bool UseG1GC                                  = true                                      {product} {ergonomic}
     bool UseLargePagesIndividualAllocation        = false                                  {pd product} {ergonomic}

Logging:
Log output configuration:
 #0: stdout all=warning uptime,level,tags foldmultilines=false
 #1: stderr all=off uptime,level,tags foldmultilines=false

Environment Variables:
PATH=C:\Program Files\Common Files\Oracle\Java\javapath;C:\Program Files (x86)\Common Files\Oracle\Java\javapath;C:\Windows\system32;C:\Windows;C:\Windows\System32\Wbem;C:\Windows\System32\WindowsPowerShell\v1.0\;C:\Windows\System32\OpenSSH\;C:\Program Files\Java\jdk-15.0.1\bin;C:\Program Files\Azure Data Studio\bin;C:\Program Files\Microsoft SQL Server\130\Tools\Binn\;C:\Program Files (x86)\NVIDIA Corporation\PhysX\Common;C:\Program Files (x86)\GtkSharp\2.12\bin;C:\Program Files\dotnet\;C:\Program Files\nodejs\;C:\Users\User\AppData\Local\Programs\Python\Python39\Scripts\;C:\Users\User\AppData\Local\Programs\Python\Python39\;C:\Users\User\AppData\Local\Microsoft\WindowsApps;C:\Program Files\Azure Data Studio\bin;C:\Users\User\.dotnet\tools;C:\Program Files (x86)\Nmap;C:\Users\User\AppData\Roaming\npm;C:\Users\User\AppData\Local\Programs\Microsoft VS Code\bin
USERNAME=User
OS=Windows_NT
PROCESSOR_IDENTIFIER=Intel64 Family 6 Model 61 Stepping 4, GenuineIntel
TMP=C:\Users\User\AppData\Local\Temp
TEMP=C:\Users\User\AppData\Local\Temp




Periodic native trim disabled

---------------  S Y S T E M  ---------------

OS:
 Windows 10 , 64 bit Build 19041 (10.0.19041.546)
OS uptime: 0 days 2:12 hours

CPU: total 4 (initial active 4) (2 cores per cpu, 2 threads per core) family 6 model 61 stepping 4 microcode 0x2d, cx8, cmov, fxsr, ht, mmx, 3dnowpref, sse, sse2, sse3, ssse3, sse4.1, sse4.2, popcnt, lzcnt, tsc, tscinvbit, avx, avx2, aes, erms, clmul, bmi1, bmi2, adx, fma, vzeroupper, clflush, rdtscp, f16c
Processor Information for all 4 processors :
  Max Mhz: 2201, Current Mhz: 2201, Mhz Limit: 2201

Memory: 4k page, system-wide physical 8102M (161M free)
TotalPageFile size 8102M (AvailPageFile size 2M)
current process WorkingSet (physical memory assigned to process): 133M, peak: 133M
current process commit charge ("private bytes"): 250M, peak: 250M

vm_info: Java HotSpot(TM) 64-Bit Server VM (22.0.1+8-16) for windows-amd64 JRE (22.0.1+8-16), built on 2024-03-12T10:33:16Z by "mach5one" with MS VC++ 17.6 (VS2022)

END.
